main:
Var (n)
Assign Const (n = 9)
Var (anterior)
Assign Const (anterior = 0)
Var (resultado)
Assign Const (resultado = 1)
Var (aux)
Assign Const (aux = 0)
Var (i)
Assign Const (i = 0)
Var (i)
Assign Const (i = 0)
Var (i)
Var (n)
Less Than (i < n)
Var (i)
Increment (i++)
Var (aux)
Var (anterior)
Var (resultado)
Add Reg (anterior + resultado)
Assign (aux = $t6)
Var (anterior)
Var (resultado)
Assign (anterior = resultado)
Var (resultado)
Var (aux)
Assign (resultado = aux)
Last Command
Commands
Commands
For
Printf (__literal_0: "fibonacci: ")
Printf (resultado)
Exit (0)
Last Command
Commands
Commands
Commands
Commands
Commands
Commands
Commands
Commands

