main:
Var (resultado)
Assign Const (resultado = 1)
Var (i)
Assign Const (i = 0)
Var (n)
Assign Const (n = 5)
Var (v)
Subscript Const (v[0]))
Const ($t4 = $t4)
Assign ($t3 = $t4)
Var (v)
Subscript Const (v[1]))
Const ($t3 = $t3)
Assign ($t7 = $t3)
Var (v)
Subscript Const (v[2]))
Const ($t7 = $t7)
Assign ($t6 = $t7)
Var (v)
Subscript Const (v[3]))
Const ($t6 = $t6)
Assign ($t5 = $t6)
Var (v)
Subscript Const (v[4]))
Const ($t5 = $t5)
Assign ($t4 = $t5)
Var (i)
Assign Const (i = 0)
Var (i)
Var (n)
Less Than (i < n)
Var (i)
Increment (i++)
Var (resultado)
Var (resultado)
Var (v)
Var (i)
Subscript (v[i]))
Mul (resultado * $t4)
Assign (resultado = $t7)
Last Command
For
Printf (__literal_0: "soma: ")
Printf (resultado)
Exit (0)
Last Command
Commands
Commands
Commands
Commands
Commands
Commands
Commands
Commands
Commands
Commands
Commands

